<?xml version="1.0" encoding="UTF-8"?>
<!-- Generated by org.testng.reporters.JUnitXMLReporter -->
<testsuite hostname="DESKTOP-OUS6GQJ" ignored="0" name="Login Test" tests="4" failures="0" timestamp="2021-06-01T10:05:14 IST" time="93.126" errors="0">
  <testcase name="navigateToemp" time="11.93" classname="testCase.Login.AdduserTest"/>
  <testcase name="verifyNavigation" time="0.048" classname="testCase.Login.AdduserTest"/>
  <testcase name="AddEmloyee" time="34.828" classname="testCase.Login.AdduserTest"/>
  <testcase name="addJobDetails" time="9.477" classname="testCase.Login.AdduserTest"/>
</testsuite> <!-- Login Test -->
