<?xml version="1.0" encoding="UTF-8"?>
<!-- Generated by org.testng.reporters.JUnitXMLReporter -->
<testsuite hostname="DESKTOP-OUS6GQJ" ignored="0" name="Default test" tests="4" failures="0" timestamp="2021-03-23T21:36:32 IST" time="93.639" errors="0">
  <testcase name="navigateToemp" time="11.898" classname="testCase.Login.AdduserTest"/>
  <testcase name="verifyNavigation" time="0.038" classname="testCase.Login.AdduserTest"/>
  <testcase name="AddEmloyee" time="35.416" classname="testCase.Login.AdduserTest"/>
  <testcase name="addJobDetails" time="7.442" classname="testCase.Login.AdduserTest"/>
</testsuite> <!-- Default test -->
